<?xml version="1.0" encoding="UTF-8"?>
<!-- Generated by org.testng.reporters.JUnitReportReporter -->
<testsuite skipped="0" hostname="DESKTOP-3SL4LUB" name="regression.TestCase1" tests="2" failures="0" timestamp="2020-03-01T11:43:45 IST" time="0.033" errors="0">
  <testcase name="doUserReg" time="0.013" classname="regression.TestCase1"/>
  <testcase name="doLogin" time="0.020" classname="regression.TestCase1"/>
</testsuite> <!-- regression.TestCase1 -->
